[0.009s] Invoking command in '/home/jszr/Software/Ros2/bag_reader/build/bag_reader': CMAKE_PREFIX_PATH=${CMAKE_PREFIX_PATH}:/opt/ros/humble /usr/bin/cmake --build /home/jszr/Software/Ros2/bag_reader/build/bag_reader -- -j18 -l18
[0.029s] -- Found ament_cmake: 1.3.12 (/opt/ros/humble/share/ament_cmake/cmake)
[0.121s] -- Found rclcpp: 16.0.14 (/opt/ros/humble/share/rclcpp/cmake)
[0.137s] -- Found rosidl_generator_c: 3.1.7 (/opt/ros/humble/share/rosidl_generator_c/cmake)
[0.138s] -- Found rosidl_adapter: 3.1.7 (/opt/ros/humble/share/rosidl_adapter/cmake)
[0.141s] -- Found rosidl_generator_cpp: 3.1.7 (/opt/ros/humble/share/rosidl_generator_cpp/cmake)
[0.147s] -- Using all available rosidl_typesupport_c: rosidl_typesupport_fastrtps_c;rosidl_typesupport_introspection_c
[0.154s] -- Using all available rosidl_typesupport_cpp: rosidl_typesupport_fastrtps_cpp;rosidl_typesupport_introspection_cpp
[0.174s] -- Found rmw_implementation_cmake: 6.1.2 (/opt/ros/humble/share/rmw_implementation_cmake/cmake)
[0.175s] -- Found rmw_fastrtps_cpp: 6.2.8 (/opt/ros/humble/share/rmw_fastrtps_cpp/cmake)
[0.239s] -- Using RMW implementation 'rmw_fastrtps_cpp' as default
[0.268s] -- Found rosbag2_cpp: 0.15.15 (/opt/ros/humble/share/rosbag2_cpp/cmake)
[0.280s] -- Found sensor_msgs: 4.9.0 (/opt/ros/humble/share/sensor_msgs/cmake)
[0.297s] -- Found nav_msgs: 4.9.0 (/opt/ros/humble/share/nav_msgs/cmake)
[0.306s] -- Found tf2_msgs: 0.25.16 (/opt/ros/humble/share/tf2_msgs/cmake)
[0.329s] -- Found cv_bridge: 3.2.1 (/opt/ros/humble/share/cv_bridge/cmake)
[0.339s] -- Found ament_lint_auto: 0.12.14 (/opt/ros/humble/share/ament_lint_auto/cmake)
[0.381s] -- Added test 'cppcheck' to perform static code analysis on C / C++ code
[0.381s] -- Configured cppcheck include dirs: 
[0.381s] -- Configured cppcheck exclude dirs and/or files: 
[0.382s] -- Added test 'lint_cmake' to check CMake code style
[0.382s] -- Added test 'uncrustify' to check C / C++ code style
[0.382s] -- Configured uncrustify additional arguments: 
[0.382s] -- Added test 'xmllint' to check XML markup files
[0.382s] -- Configuring done
[0.390s] -- Generating done
[0.393s] -- Build files have been written to: /home/jszr/Software/Ros2/bag_reader/build/bag_reader
[0.416s] [35m[1mConsolidate compiler generated dependencies of target parse_bag[0m
[0.429s] [ 50%] [32mBuilding CXX object CMakeFiles/parse_bag.dir/src/bag_reader.cpp.o[0m
[1.454s] [01m[K/home/jszr/Software/Ros2/bag_reader/src/bag_reader/src/bag_reader.cpp:[m[K In function â€˜[01m[Kint main(int, char**)[m[Kâ€™:
[1.454s] [01m[K/home/jszr/Software/Ros2/bag_reader/src/bag_reader/src/bag_reader.cpp:185:5:[m[K [01;31m[Kerror: [m[Kâ€˜[01m[Kstring[m[Kâ€™ was not declared in this scope
[1.455s]   185 |     [01;31m[Kstring[m[K innn;
[1.455s]       |     [01;31m[K^~~~~~[m[K
[1.456s] [01m[K/home/jszr/Software/Ros2/bag_reader/src/bag_reader/src/bag_reader.cpp:185:5:[m[K [01;36m[Knote: [m[Ksuggested alternatives:
[1.456s] In file included from [01m[K/usr/include/c++/11/iosfwd:39[m[K,
[1.456s]                  from [01m[K/usr/include/c++/11/bits/shared_ptr.h:52[m[K,
[1.456s]                  from [01m[K/usr/include/c++/11/memory:77[m[K,
[1.456s]                  from [01m[K/opt/ros/humble/include/rclcpp/rclcpp/serialization.hpp:18[m[K,
[1.456s]                  from [01m[K/home/jszr/Software/Ros2/bag_reader/src/bag_reader/src/bag_reader.cpp:1[m[K:
[1.456s] [01m[K/usr/include/c++/11/bits/stringfwd.h:79:33:[m[K [01;36m[Knote: [m[K  â€˜[01m[Kstd::string[m[Kâ€™
[1.457s]    79 |   typedef basic_string<char>    [01;36m[Kstring[m[K;
[1.457s]       |                                 [01;36m[K^~~~~~[m[K
[1.457s] In file included from [01m[K/usr/include/c++/11/stdexcept:39[m[K,
[1.457s]                  from [01m[K/opt/ros/humble/include/rclcpp/rclcpp/serialization.hpp:19[m[K,
[1.457s]                  from [01m[K/home/jszr/Software/Ros2/bag_reader/src/bag_reader/src/bag_reader.cpp:1[m[K:
[1.457s] [01m[K/usr/include/c++/11/string:67:11:[m[K [01;36m[Knote: [m[K  â€˜[01m[Kstd::pmr::string[m[Kâ€™
[1.457s]    67 |     using [01;36m[Kstring[m[K    = basic_string<char>;
[1.457s]       |           [01;36m[K^~~~~~[m[K
[1.458s] [01m[K/home/jszr/Software/Ros2/bag_reader/src/bag_reader/src/bag_reader.cpp:186:17:[m[K [01;31m[Kerror: [m[Kâ€˜[01m[Kinnn[m[Kâ€™ was not declared in this scope
[1.458s]   186 |     std::cin >> [01;31m[Kinnn[m[K;
[1.458s]       |                 [01;31m[K^~~~[m[K
[1.940s] gmake[2]: *** [CMakeFiles/parse_bag.dir/build.make:76ï¼šCMakeFiles/parse_bag.dir/src/bag_reader.cpp.o] é”™è¯¯ 1
[1.940s] gmake[1]: *** [CMakeFiles/Makefile2:137ï¼šCMakeFiles/parse_bag.dir/all] é”™è¯¯ 2
[1.941s] gmake: *** [Makefile:146ï¼šall] é”™è¯¯ 2
[1.943s] Invoked command in '/home/jszr/Software/Ros2/bag_reader/build/bag_reader' returned '2': CMAKE_PREFIX_PATH=${CMAKE_PREFIX_PATH}:/opt/ros/humble /usr/bin/cmake --build /home/jszr/Software/Ros2/bag_reader/build/bag_reader -- -j18 -l18
