[35m[1mConsolidate compiler generated dependencies of target parse_bag[0m
[ 50%] [32mBuilding CXX object CMakeFiles/parse_bag.dir/src/bag_reader.cpp.o[0m
[01m[K/home/jszr/Software/Ros2/bag_reader/src/bag_reader/src/bag_reader.cpp:[m[K In member function â€˜[01m[Kvoid RosbagParser::processCompressedImage(std::shared_ptr<rosbag2_storage::SerializedBagMessage>)[m[Kâ€™:
[01m[K/home/jszr/Software/Ros2/bag_reader/src/bag_reader/src/bag_reader.cpp:101:13:[m[K [01;31m[Kerror: [m[Kexpected â€˜[01m[K,[m[Kâ€™ or â€˜[01m[K;[m[Kâ€™ before â€˜[01m[Kstd[m[Kâ€™
  101 |             [01;31m[Kstd[m[K::string image_dir = output_dir_ + "/images/" + topic_dir;
      |             [01;31m[K^~~[m[K
[01m[K/home/jszr/Software/Ros2/bag_reader/src/bag_reader/src/bag_reader.cpp:102:36:[m[K [01;31m[Kerror: [m[Kâ€˜[01m[Kimage_dir[m[Kâ€™ was not declared in this scope
  102 |             fs::create_directories([01;31m[Kimage_dir[m[K);
      |                                    [01;31m[K^~~~~~~~~[m[K
gmake[2]: *** [CMakeFiles/parse_bag.dir/build.make:76ï¼šCMakeFiles/parse_bag.dir/src/bag_reader.cpp.o] é”™è¯¯ 1
gmake[1]: *** [CMakeFiles/Makefile2:137ï¼šCMakeFiles/parse_bag.dir/all] é”™è¯¯ 2
gmake: *** [Makefile:146ï¼šall] é”™è¯¯ 2
