[01m[K/home/jszr/Software/Ros2/bag_reader/src/bag_reader/src/bag_reader.cpp:[m[K In member function â€˜[01m[Kvoid RosbagParser::processCompressedImage(std::shared_ptr<rosbag2_storage::SerializedBagMessage>)[m[Kâ€™:
[01m[K/home/jszr/Software/Ros2/bag_reader/src/bag_reader/src/bag_reader.cpp:103:26:[m[K [01;31m[Kerror: [m[Kfound â€˜[01m[K:[m[Kâ€™ in nested-name-specifier, expected â€˜[01m[K::[m[Kâ€™
  103 |             std::cin >> a[01;31m[K:[m[K
      |                          [01;31m[K^[m[K
      |                          [32m[K::[m[K
[01m[K/home/jszr/Software/Ros2/bag_reader/src/bag_reader/src/bag_reader.cpp:103:25:[m[K [01;31m[Kerror: [m[Kâ€˜[01m[Ka[m[Kâ€™ is not a class, namespace, or enumeration
  103 |             std::cin >> [01;31m[Ka[m[K:
      |                         [01;31m[K^[m[K
[01m[K/home/jszr/Software/Ros2/bag_reader/src/bag_reader/src/bag_reader.cpp:105:36:[m[K [01;31m[Kerror: [m[Kâ€˜[01m[Kimage_dir[m[Kâ€™ was not declared in this scope
  105 |             fs::create_directories([01;31m[Kimage_dir[m[K);
      |                                    [01;31m[K^~~~~~~~~[m[K
gmake[2]: *** [CMakeFiles/parse_bag.dir/build.make:76ï¼šCMakeFiles/parse_bag.dir/src/bag_reader.cpp.o] é”™è¯¯ 1
gmake[1]: *** [CMakeFiles/Makefile2:137ï¼šCMakeFiles/parse_bag.dir/all] é”™è¯¯ 2
gmake: *** [Makefile:146ï¼šall] é”™è¯¯ 2
